<?xml version="1.0" encoding="UTF-8"?>
<!-- Generated by org.testng.reporters.JUnitReportReporter -->
<testsuite hostname="DESKTOP-SQQD285" failures="0" tests="3" name="testNG.TNG1" time="0.028" errors="0" timestamp="2022-05-22T21:03:13 IST" skipped="1">
  <testcase classname="testNG.TNG1" name="f" time="0.015"/>
  <testcase classname="testNG.TNG1" name="z" time="0.013"/>
  <testcase classname="testNG.TNG1" name="a">
    <skipped/>
  </testcase> <!-- a -->
</testsuite> <!-- testNG.TNG1 -->
