<?xml version="1.0" encoding="UTF-8"?>
<!-- Generated by org.testng.reporters.JUnitReportReporter -->
<testsuite hostname="DESKTOP-SQQD285" failures="0" tests="1" name="testNG.NewTest" time="0.024" errors="0" timestamp="2022-05-22T20:09:58 IST" skipped="0">
  <testcase classname="testNG.NewTest" name="f" time="0.024"/>
</testsuite> <!-- testNG.NewTest -->
