<?xml version="1.0" encoding="UTF-8"?>
<!-- Generated by org.testng.reporters.JUnitReportReporter -->
<testsuite hostname="DESKTOP-SQQD285" failures="0" tests="1" name="testNG.TNG2" time="49.517" errors="0" timestamp="2022-05-22T22:39:24 IST" skipped="0">
  <testcase classname="testNG.TNG2" name="amazon" time="49.517"/>
</testsuite> <!-- testNG.TNG2 -->
